2025-11-02 04:15:58,490 - __main__ - INFO - Starting Server PM PDF Generation Service...
2025-11-02 04:15:58,517 - __main__ - INFO - Connected to MQTT broker successfully
2025-11-02 04:15:58,517 - __main__ - INFO - Subscribed to topic: controltower/server_pm_reportform_pdf/+
2025-11-02 04:17:12,859 - __main__ - INFO - Received PDF generation request for Job No: *
2025-11-02 04:17:12,860 - __main__ - ERROR - Error processing MQTT message: no running event loop
2025-11-02 04:39:20,169 - __main__ - INFO - Disconnected from MQTT broker with result code 7
2025-11-02 04:39:22,284 - __main__ - INFO - Connected to MQTT broker successfully
2025-11-02 04:39:22,289 - __main__ - INFO - Subscribed to topic: controltower/server_pm_reportform_pdf/+
2025-11-02 04:39:51,638 - __main__ - INFO - Received PDF generation request for Job No: NaN
2025-11-02 04:39:53,719 - __main__ - INFO - Message data: {'request_id': 'pdf_1762029590619_674e1664', 'timestamp': '2025-11-01T20:39:50.620Z', 'action': 'generate_pdf'}
2025-11-02 04:39:53,828 - __main__ - ERROR - Error processing MQTT message: no running event loop
2025-11-02 04:40:32,351 - __main__ - INFO - Service interrupted by user
2025-11-02 04:40:32,353 - __main__ - INFO - Disconnected from MQTT broker with result code 0
2025-11-02 04:40:32,354 - __main__ - INFO - Service cleanup completed
2025-11-02 05:23:49,659 - main - WARNING - Failed to save PDF request - validation error: PMReportFormServer not found.
2025-11-02 05:23:49,720 - main - WARNING - Failed to save PDF request - validation error: {"type":"https://tools.ietf.org/html/rfc9110#section-15.5.1","title":"One or more validation errors occurred.","status":400,"errors":{"createDto":["The createDto field is required."],"$.requestedBy":["The JSON value could not be converted to System.Guid. Path: $.requestedBy | LineNumber: 0 | BytePositionInLine: 89."]},"traceId":"00-7fa802980c0fde748fcaab599cc6a36b-0e9c1cc3fcd63788-00"}
2025-11-02 05:23:49,737 - main - WARNING - Failed to save PDF request - validation error: {"type":"https://tools.ietf.org/html/rfc9110#section-15.5.1","title":"One or more validation errors occurred.","status":400,"errors":{"createDto":["The createDto field is required."],"$.pmReportFormServerID":["The JSON value could not be converted to System.Guid. Path: $.pmReportFormServerID | LineNumber: 0 | BytePositionInLine: 39."]},"traceId":"00-5c3aef9522d81629bfe44e910fb1f360-1a7e64de00345004-00"}
2025-11-02 05:26:22,188 - main - WARNING - Failed to save PDF request - validation error: PMReportFormServer not found.
2025-11-02 05:26:22,204 - main - WARNING - Failed to save PDF request - validation error: {"type":"https://tools.ietf.org/html/rfc9110#section-15.5.1","title":"One or more validation errors occurred.","status":400,"errors":{"createDto":["The createDto field is required."],"$.requestedBy":["The JSON value could not be converted to System.Guid. Path: $.requestedBy | LineNumber: 0 | BytePositionInLine: 89."]},"traceId":"00-6dc75dc1c3c67f77dc79682913e6c835-cbb4151b2b2767e8-00"}
2025-11-02 05:26:22,222 - main - WARNING - Failed to save PDF request - validation error: {"type":"https://tools.ietf.org/html/rfc9110#section-15.5.1","title":"One or more validation errors occurred.","status":400,"errors":{"createDto":["The createDto field is required."],"$.pmReportFormServerID":["The JSON value could not be converted to System.Guid. Path: $.pmReportFormServerID | LineNumber: 0 | BytePositionInLine: 39."]},"traceId":"00-1eed24a5e6e18315fc583ef90a09baa0-35e1ac1acc280d8b-00"}
2025-11-02 05:26:22,292 - main - WARNING - Failed to save PDF request - validation error: PMReportFormServer not found.
2025-11-02 05:29:20,461 - main - WARNING - Failed to save PDF request - validation error: PMReportFormServer not found.
2025-11-02 05:29:20,501 - main - WARNING - Failed to save PDF request - validation error: {"type":"https://tools.ietf.org/html/rfc9110#section-15.5.1","title":"One or more validation errors occurred.","status":400,"errors":{"createDto":["The createDto field is required."],"$.requestedBy":["The JSON value could not be converted to System.Guid. Path: $.requestedBy | LineNumber: 0 | BytePositionInLine: 89."]},"traceId":"00-fce730af583b36945770d183f1dd8dba-d4cbde7937a049a1-00"}
2025-11-02 05:29:20,544 - main - WARNING - Failed to save PDF request - validation error: {"type":"https://tools.ietf.org/html/rfc9110#section-15.5.1","title":"One or more validation errors occurred.","status":400,"errors":{"createDto":["The createDto field is required."],"$.pmReportFormServerID":["The JSON value could not be converted to System.Guid. Path: $.pmReportFormServerID | LineNumber: 0 | BytePositionInLine: 39."]},"traceId":"00-e6e188100b6e016a670631ca19ed5886-3d8c7f4325c09fb6-00"}
2025-11-02 05:29:20,594 - main - WARNING - Failed to save PDF request - validation error: PMReportFormServer not found.
